<?xml version="1.0" encoding="UTF-8"?>
<!-- Generated by org.testng.reporters.JUnitReportReporter -->
<testsuite skipped="0" hostname="DESKTOP-TPUHNFH" name="chrome.Login" tests="1" failures="0" timestamp="2021-04-04T17:07:46 IST" time="5.367" errors="0">
  <testcase name="loginToLeafTaps" time="5.367" classname="chrome.Login"/>
  <system-out/>
</testsuite> <!-- chrome.Login -->
